Added Component: Designator=JP1(JP 1x9 DC)
Add component (AddParameter): Name = "Chung_Loai"; Value = "C?m"; VariantName = "[No Variations]"
Add component (AddParameter): Name = "Don_Vi"; Value = "Con"; VariantName = "[No Variations]"
Add component (AddParameter): Name = "Ghi_Chu"; Value = ""; VariantName = "[No Variations]"
Add component (AddParameter): Name = "Kieu_Chan"; Value = ""; VariantName = "[No Variations]"
Add component (AddParameter): Name = "Ma_Hang"; Value = "MH000904"; VariantName = "[No Variations]"
Add component (AddParameter): Name = "Ten_Linh_Kien"; Value = "Jump Ðon Ð?c 2.54MM 1x40P Cong Ð?ng"; VariantName = "[No Variations]"
Added Component: Designator=SW1(MX_Cherry_LED)
Added Component: Designator=SW2(MX_Cherry_LED)
Added Component: Designator=SW3(MX_Cherry_LED)
Added Component: Designator=SW4(MX_Cherry_LED)
Added Component: Designator=SW5(MX_Cherry_LED)
Added Component: Designator=SW6(MX_Cherry_LED)
Added Component: Designator=SW7(MX_Cherry_LED)
Added Component: Designator=SW8(MX_Cherry_LED)
Added Component: Designator=SW9(MX_Cherry_LED)
Added Component: Designator=SW10(MX_Cherry_LED)
Added Component: Designator=SW11(MX_Cherry_LED)
Added Component: Designator=SW12(MX_Cherry_LED)
Added Component: Designator=SW13(MX_Cherry_LED)
Added Component: Designator=SW14(MX_Cherry_LED)
Added Component: Designator=SW15(MX_Cherry_LED)
Added Component: Designator=SW16(MX_Cherry_LED)
Added Component: Designator=SW17(MX_Cherry_LED)
Added Component: Designator=SW18(MX_Cherry_LED)
Added Component: Designator=SW19(MX_Cherry_LED)
Added Component: Designator=SW20(MX_Cherry_LED)
Added Pin To Net: NetName=COL1 Pin=JP1-5
Added Pin To Net: NetName=COL1 Pin=SW1-2
Added Pin To Net: NetName=COL1 Pin=SW6-2
Added Pin To Net: NetName=COL1 Pin=SW11-2
Added Pin To Net: NetName=COL1 Pin=SW16-2
Added Net: Name=COL1
Added Pin To Net: NetName=COL2 Pin=JP1-6
Added Pin To Net: NetName=COL2 Pin=SW2-2
Added Pin To Net: NetName=COL2 Pin=SW7-2
Added Pin To Net: NetName=COL2 Pin=SW12-2
Added Pin To Net: NetName=COL2 Pin=SW17-2
Added Net: Name=COL2
Added Pin To Net: NetName=COL3 Pin=JP1-7
Added Pin To Net: NetName=COL3 Pin=SW3-2
Added Pin To Net: NetName=COL3 Pin=SW8-2
Added Pin To Net: NetName=COL3 Pin=SW13-2
Added Pin To Net: NetName=COL3 Pin=SW18-2
Added Net: Name=COL3
Added Pin To Net: NetName=COL4 Pin=JP1-8
Added Pin To Net: NetName=COL4 Pin=SW4-2
Added Pin To Net: NetName=COL4 Pin=SW9-2
Added Pin To Net: NetName=COL4 Pin=SW14-2
Added Pin To Net: NetName=COL4 Pin=SW19-2
Added Net: Name=COL4
Added Pin To Net: NetName=COL5 Pin=JP1-9
Added Pin To Net: NetName=COL5 Pin=SW5-2
Added Pin To Net: NetName=COL5 Pin=SW10-2
Added Pin To Net: NetName=COL5 Pin=SW15-2
Added Pin To Net: NetName=COL5 Pin=SW20-2
Added Net: Name=COL5
Added Pin To Net: NetName=ROW1 Pin=JP1-1
Added Pin To Net: NetName=ROW1 Pin=SW1-1
Added Pin To Net: NetName=ROW1 Pin=SW2-1
Added Pin To Net: NetName=ROW1 Pin=SW3-1
Added Pin To Net: NetName=ROW1 Pin=SW4-1
Added Pin To Net: NetName=ROW1 Pin=SW5-1
Added Net: Name=ROW1
Added Pin To Net: NetName=ROW2 Pin=JP1-2
Added Pin To Net: NetName=ROW2 Pin=SW6-1
Added Pin To Net: NetName=ROW2 Pin=SW7-1
Added Pin To Net: NetName=ROW2 Pin=SW8-1
Added Pin To Net: NetName=ROW2 Pin=SW9-1
Added Pin To Net: NetName=ROW2 Pin=SW10-1
Added Net: Name=ROW2
Added Pin To Net: NetName=ROW3 Pin=JP1-3
Added Pin To Net: NetName=ROW3 Pin=SW11-1
Added Pin To Net: NetName=ROW3 Pin=SW12-1
Added Pin To Net: NetName=ROW3 Pin=SW13-1
Added Pin To Net: NetName=ROW3 Pin=SW14-1
Added Pin To Net: NetName=ROW3 Pin=SW15-1
Added Net: Name=ROW3
Added Pin To Net: NetName=ROW4 Pin=JP1-4
Added Pin To Net: NetName=ROW4 Pin=SW16-1
Added Pin To Net: NetName=ROW4 Pin=SW17-1
Added Pin To Net: NetName=ROW4 Pin=SW18-1
Added Pin To Net: NetName=ROW4 Pin=SW19-1
Added Pin To Net: NetName=ROW4 Pin=SW20-1
Added Net: Name=ROW4
Added Class: Name=SCHEMATIC
Added Room: Name=SCHEMATIC
